<?xml version="1.0" encoding="UTF-8" ?>
<testsuite errors="0" failures="0" hostname="rio" name="org.paccman.ui.common.AmountFormatTest" tests="1" time="5.261" timestamp="2008-08-12T05:55:14">
  <properties>
    <property name="java.runtime.name" value="Java(TM) SE Runtime Environment" />
    <property name="sun.boot.library.path" value="/usr/lib/jvm/jdk1.6.0_10/jre/lib/i386" />
    <property name="java.vm.version" value="11.0-b15" />
    <property name="java.vm.vendor" value="Sun Microsystems Inc." />
    <property name="java.vendor.url" value="http://java.sun.com/" />
    <property name="path.separator" value=":" />
    <property name="java.vm.name" value="Java HotSpot(TM) Client VM" />
    <property name="file.encoding.pkg" value="sun.io" />
    <property name="user.country" value="FR" />
    <property name="sun.java.launcher" value="SUN_STANDARD" />
    <property name="sun.os.patch.level" value="unknown" />
    <property name="java.vm.specification.name" value="Java Virtual Machine Specification" />
    <property name="user.dir" value="/home/joao/Data/Devel/Projets/paccman/src/paccman-ui-common" />
    <property name="java.runtime.version" value="1.6.0_10-rc-b28" />
    <property name="java.awt.graphicsenv" value="sun.awt.X11GraphicsEnvironment" />
    <property name="java.endorsed.dirs" value="/usr/lib/jvm/jdk1.6.0_10/jre/lib/endorsed" />
    <property name="os.arch" value="i386" />
    <property name="java.io.tmpdir" value="/tmp" />
    <property name="line.separator" value="
" />
    <property name="java.vm.specification.vendor" value="Sun Microsystems Inc." />
    <property name="os.name" value="Linux" />
    <property name="sun.jnu.encoding" value="UTF-8" />
    <property name="java.library.path" value="/usr/lib/jvm/jdk1.6.0_10/jre/lib/i386/client:/usr/lib/jvm/jdk1.6.0_10/jre/lib/i386:/usr/lib/jvm/jdk1.6.0_10/jre/../lib/i386:/usr/java/packages/lib/i386:/lib:/usr/lib" />
    <property name="java.specification.name" value="Java Platform API Specification" />
    <property name="java.class.version" value="50.0" />
    <property name="sun.management.compiler" value="HotSpot Client Compiler" />
    <property name="os.version" value="2.6.24-19-generic" />
    <property name="user.home" value="/home/joao" />
    <property name="user.timezone" value="" />
    <property name="java.awt.printerjob" value="sun.print.PSPrinterJob" />
    <property name="file.encoding" value="UTF-8" />
    <property name="java.specification.version" value="1.6" />
    <property name="user.name" value="joao" />
    <property name="java.class.path" value="/opt/netbeans-6.5/java2/ant/patches/72080.jar:/opt/netbeans-6.5/java2/ant/lib/ant.jar:/opt/netbeans-6.5/java2/ant/lib/ant-junit.jar:/home/joao/Data/Devel/Projets/paccman/src/paccman-ui-common/build/classes:/home/joao/Data/Devel/Projets/paccman/src/paccman-ui-common/src:/home/joao/Data/Devel/Projets/paccman/src/libs/junit_4/junit-4.1.jar:/home/joao/Data/Devel/Projets/paccman/src/paccman-ui-common/build/test/classes:/home/joao/Data/Devel/Projets/paccman/src/paccman-ui-common/test" />
    <property name="java.vm.specification.version" value="1.0" />
    <property name="sun.arch.data.model" value="32" />
    <property name="java.home" value="/usr/lib/jvm/jdk1.6.0_10/jre" />
    <property name="java.specification.vendor" value="Sun Microsystems Inc." />
    <property name="user.language" value="fr" />
    <property name="java.vm.info" value="mixed mode" />
    <property name="java.version" value="1.6.0_10-rc" />
    <property name="java.ext.dirs" value="/usr/lib/jvm/jdk1.6.0_10/jre/lib/ext:/usr/java/packages/lib/ext" />
    <property name="sun.boot.class.path" value="/usr/lib/jvm/jdk1.6.0_10/jre/lib/resources.jar:/usr/lib/jvm/jdk1.6.0_10/jre/lib/rt.jar:/usr/lib/jvm/jdk1.6.0_10/jre/lib/sunrsasign.jar:/usr/lib/jvm/jdk1.6.0_10/jre/lib/jsse.jar:/usr/lib/jvm/jdk1.6.0_10/jre/lib/jce.jar:/usr/lib/jvm/jdk1.6.0_10/jre/lib/charsets.jar:/usr/lib/jvm/jdk1.6.0_10/jre/classes" />
    <property name="java.vendor" value="Sun Microsystems Inc." />
    <property name="file.separator" value="/" />
    <property name="java.vendor.url.bug" value="http://java.sun.com/cgi-bin/bugreport.cgi" />
    <property name="sun.cpu.endian" value="little" />
    <property name="sun.io.unicode.encoding" value="UnicodeLittle" />
    <property name="sun.desktop" value="gnome" />
    <property name="sun.cpu.isalist" value="" />
  </properties>
  <testcase classname="org.paccman.ui.common.AmountFormatTest" name="testFormat" time="5.103" />
  <system-out><![CDATA[For FRANCE locale
For UK locale
For US locale
For JAPAN locale
]]></system-out>
  <system-err><![CDATA[]]></system-err>
</testsuite>
